main INFO  cliente.Cliente - Se inicia la seleccion de filtros...
main INFO  cliente.Cliente - Inicia la ejecucion del cliente
main INFO  cliente.Cliente - Respuesta del server: [{}]
main INFO  cliente.Cliente - Inicia la ejecucion del cliente
main INFO  cliente.Cliente - Respuesta del server: [{}]
main INFO  cliente.Cliente - Inicia la ejecucion del cliente
main ERROR cliente.Cliente - Ocurrio un error al intentar conectarse al host: [localhost] y puerta : [5000]
main INFO  cliente.Cliente - Inicia la ejecucion del cliente
main INFO  cliente.Cliente - Respuesta del server: [{}]
main INFO  cliente.Cliente - Inicia la ejecucion del cliente
main ERROR cliente.Cliente - Ocurrio un error al intentar conectarse al host: [localhost] y puerta : [5000]
main INFO  cliente.Cliente - Inicia la ejecucion del cliente
main INFO  cliente.Cliente - Respuesta del server: [{"data":["{\"idLugar\":4,\"idZona\":2,\"precio\":0.0}"]}]
main INFO  cliente.Cliente - Inicia la ejecucion del cliente
main INFO  cliente.Cliente - Respuesta del server: [{"data":["{\"idLugar\":4,\"idZona\":2,\"precio\":0.0}"]}]
main INFO  cliente.Cliente - Inicia la ejecucion del cliente
main INFO  cliente.Cliente - Respuesta del server: [{"data":["{\"idLugar\":4,\"idZona\":2,\"precio\":0.0}"]}]
main INFO  cliente.Cliente - Inicia la ejecucion del cliente
main INFO  cliente.Cliente - Respuesta del server: [{}]
main INFO  cliente.Cliente - Inicia la ejecucion del cliente
main ERROR cliente.Cliente - Ocurrio un error al intentar conectarse al host: [localhost] y puerta : [5000]
main INFO  cliente.Cliente - Inicia la ejecucion del cliente
main INFO  cliente.Cliente - Respuesta del server: [{"data":["{\"idLugar\":4,\"idZona\":2,\"precio\":100.0}"]}]
